# JRE version: OpenJDK Runtime Environment (23.0.1+11) (build 23.0.1+11-39)
# Java VM: OpenJDK 64-Bit Server VM (23.0.1+11-39, mixed mode, sharing, tiered, compressed oops, compressed class ptrs, g1 gc, windows-amd64)
GC Precious Log:
 CardTable entry size: 512
 Card Set container configuration: InlinePtr #cards 5 size 8 Array Of Cards #cards 10 size 36 Howl #buckets 4 coarsen threshold 1843 Howl Bitmap #cards 512 size 80 coarsen threshold 460 Card regions per heap region 1 cards per card region 2048
 CPUs: 4 total, 4 available
 Memory: 3977M
 Large Page Support: Disabled
 NUMA Support: Disabled
 Compressed Oops: Enabled (32-bit)
 Heap Region Size: 1M
 Heap Min Capacity: 8M
 Heap Initial Capacity: 64M
 Heap Max Capacity: 996M
 Pre-touch: Disabled
 Parallel Workers: 4
 Concurrent Workers: 1
 Concurrent Refinement Workers: 4
 Periodic GC: Disabled
Heap:
 garbage-first heap   total reserved 1019904K, committed 48128K, used 25108K [0x00000000c1c00000, 0x0000000100000000)
  region size 1024K, 17 young (17408K), 4 survivors (4096K)
 Metaspace       used 22987K, committed 23296K, reserved 1114112K
  class space    used 2934K, committed 3072K, reserved 1048576K
GC Heap History (10 events):
Event: 3.252 GC heap before
{Heap before GC invocations=0 (full 0):
 garbage-first heap   total reserved 1019904K, committed 65536K, used 14336K [0x00000000c1c00000, 0x0000000100000000)
  region size 1024K, 14 young (14336K), 0 survivors (0K)
 Metaspace       used 2659K, committed 2944K, reserved 1114112K
  class space    used 247K, committed 384K, reserved 1048576K
}
Event: 3.272 GC heap after
{Heap after GC invocations=1 (full 0):
 garbage-first heap   total reserved 1019904K, committed 65536K, used 6528K [0x00000000c1c00000, 0x0000000100000000)
  region size 1024K, 2 young (2048K), 2 survivors (2048K)
 Metaspace       used 2659K, committed 2944K, reserved 1114112K
  class space    used 247K, committed 384K, reserved 1048576K
}
Event: 4.272 GC heap before
{Heap before GC invocations=1 (full 0):
 garbage-first heap   total reserved 1019904K, committed 65536K, used 17792K [0x00000000c1c00000, 0x0000000100000000)
  region size 1024K, 13 young (13312K), 2 survivors (2048K)
 Metaspace       used 5077K, committed 5312K, reserved 1114112K
  class space    used 584K, committed 704K, reserved 1048576K
}
Event: 4.277 GC heap after
{Heap after GC invocations=2 (full 0):
 garbage-first heap   total reserved 1019904K, committed 65536K, used 7536K [0x00000000c1c00000, 0x0000000100000000)
  region size 1024K, 1 young (1024K), 1 survivors (1024K)
 Metaspace       used 5077K, committed 5312K, reserved 1114112K
  class space    used 584K, committed 704K, reserved 1048576K
}
Event: 5.948 GC heap before
{Heap before GC invocations=2 (full 0):
 garbage-first heap   total reserved 1019904K, committed 65536K, used 35184K [0x00000000c1c00000, 0x0000000100000000)
  region size 1024K, 29 young (29696K), 1 survivors (1024K)
 Metaspace       used 11375K, committed 11584K, reserved 1114112K
  class space    used 1448K, committed 1536K, reserved 1048576K
}
Event: 5.952 GC heap after
{Heap after GC invocations=3 (full 0):
 garbage-first heap   total reserved 1019904K, committed 65536K, used 9354K [0x00000000c1c00000, 0x0000000100000000)
  region size 1024K, 3 young (3072K), 3 survivors (3072K)
 Metaspace       used 11375K, committed 11584K, reserved 1114112K
  class space    used 1448K, committed 1536K, reserved 1048576K
}
Event: 6.838 GC heap before
{Heap before GC invocations=3 (full 0):
 garbage-first heap   total reserved 1019904K, committed 65536K, used 37002K [0x00000000c1c00000, 0x0000000100000000)
  region size 1024K, 31 young (31744K), 3 survivors (3072K)
 Metaspace       used 18216K, committed 18496K, reserved 1114112K
  class space    used 2349K, committed 2496K, reserved 1048576K
}
Event: 6.845 GC heap after
{Heap after GC invocations=4 (full 0):
 garbage-first heap   total reserved 1019904K, committed 65536K, used 11053K [0x00000000c1c00000, 0x0000000100000000)
  region size 1024K, 4 young (4096K), 4 survivors (4096K)
 Metaspace       used 18216K, committed 18496K, reserved 1114112K
  class space    used 2349K, committed 2496K, reserved 1048576K
}
Event: 7.290 GC heap before
{Heap before GC invocations=4 (full 0):
 garbage-first heap   total reserved 1019904K, committed 65536K, used 26413K [0x00000000c1c00000, 0x0000000100000000)
  region size 1024K, 21 young (21504K), 4 survivors (4096K)
 Metaspace       used 21253K, committed 21504K, reserved 1114112K
  class space    used 2676K, committed 2816K, reserved 1048576K
}
Event: 7.299 GC heap after
{Heap after GC invocations=5 (full 0):
 garbage-first heap   total reserved 1019904K, committed 65536K, used 12820K [0x00000000c1c00000, 0x0000000100000000)
  region size 1024K, 4 young (4096K), 4 survivors (4096K)
 Metaspace       used 21253K, committed 21504K, reserved 1114112K
  class space    used 2676K, committed 2816K, reserved 1048576K
}

